This file contains any messages produced by compilers while
running configure, to aid debugging if configure makes a mistake.

It was created by armi configure 1.1.0, which was
generated by GNU Autoconf 2.69.  Invocation command line was

  $ ./configure 

## --------- ##
## Platform. ##
## --------- ##

hostname = ac
uname -m = x86_64
uname -r = 3.16.0-60-generic
uname -s = Linux
uname -v = #80~14.04.1-Ubuntu SMP Wed Jan 20 13:37:48 UTC 2016

/usr/bin/uname -p = unknown
/bin/uname -X     = unknown

/bin/arch              = unknown
/usr/bin/arch -k       = unknown
/usr/convex/getsysinfo = unknown
/usr/bin/hostinfo      = unknown
/bin/machine           = unknown
/usr/bin/oslevel       = unknown
/bin/universe          = unknown

PATH: /usr/local/sbin
PATH: /usr/local/bin
PATH: /usr/sbin
PATH: /usr/bin
PATH: /sbin
PATH: /bin
PATH: /usr/games
PATH: /usr/local/games
PATH: .
PATH: /home2/jkleinj/.rvm/bin
PATH: /usr/local/cuda/bin


## ----------- ##
## Core tests. ##
## ----------- ##

configure:2261: checking for a BSD-compatible install
configure:2329: result: /usr/bin/install -c
configure:2340: checking whether build environment is sane
configure:2395: result: yes
configure:2546: checking for a thread-safe mkdir -p
configure:2585: result: /bin/mkdir -p
configure:2592: checking for gawk
configure:2622: result: no
configure:2592: checking for mawk
configure:2608: found /usr/bin/mawk
configure:2619: result: mawk
configure:2630: checking whether make sets $(MAKE)
configure:2652: result: yes
configure:2681: checking whether make supports nested variables
configure:2698: result: yes
configure:2837: checking for style of include used by make
configure:2865: result: GNU
configure:2936: checking for gcc
configure:2952: found /usr/bin/gcc
configure:2963: result: gcc
configure:3192: checking for C compiler version
configure:3201: gcc --version >&5
gcc (Ubuntu 4.8.4-2ubuntu1~14.04.1) 4.8.4
Copyright (C) 2013 Free Software Foundation, Inc.
This is free software; see the source for copying conditions.  There is NO
warranty; not even for MERCHANTABILITY or FITNESS FOR A PARTICULAR PURPOSE.

configure:3212: $? = 0
configure:3201: gcc -v >&5
Using built-in specs.
COLLECT_GCC=gcc
COLLECT_LTO_WRAPPER=/usr/lib/gcc/x86_64-linux-gnu/4.8/lto-wrapper
Target: x86_64-linux-gnu
Configured with: ../src/configure -v --with-pkgversion='Ubuntu 4.8.4-2ubuntu1~14.04.1' --with-bugurl=file:///usr/share/doc/gcc-4.8/README.Bugs --enable-languages=c,c++,java,go,d,fortran,objc,obj-c++ --prefix=/usr --program-suffix=-4.8 --enable-shared --enable-linker-build-id --libexecdir=/usr/lib --without-included-gettext --enable-threads=posix --with-gxx-include-dir=/usr/include/c++/4.8 --libdir=/usr/lib --enable-nls --with-sysroot=/ --enable-clocale=gnu --enable-libstdcxx-debug --enable-libstdcxx-time=yes --enable-gnu-unique-object --disable-libmudflap --enable-plugin --with-system-zlib --disable-browser-plugin --enable-java-awt=gtk --enable-gtk-cairo --with-java-home=/usr/lib/jvm/java-1.5.0-gcj-4.8-amd64/jre --enable-java-home --with-jvm-root-dir=/usr/lib/jvm/java-1.5.0-gcj-4.8-amd64 --with-jvm-jar-dir=/usr/lib/jvm-exports/java-1.5.0-gcj-4.8-amd64 --with-arch-directory=amd64 --with-ecj-jar=/usr/share/java/eclipse-ecj.jar --enable-objc-gc --enable-multiarch --disable-werror --with-arch-32=i686 --with-abi=m64 --with-multilib-list=m32,m64,mx32 --with-tune=generic --enable-checking=release --build=x86_64-linux-gnu --host=x86_64-linux-gnu --target=x86_64-linux-gnu
Thread model: posix
gcc version 4.8.4 (Ubuntu 4.8.4-2ubuntu1~14.04.1) 
configure:3212: $? = 0
configure:3201: gcc -V >&5
gcc: error: unrecognized command line option '-V'
gcc: fatal error: no input files
compilation terminated.
configure:3212: $? = 4
configure:3201: gcc -qversion >&5
gcc: error: unrecognized command line option '-qversion'
gcc: fatal error: no input files
compilation terminated.
configure:3212: $? = 4
configure:3232: checking whether the C compiler works
configure:3254: gcc    conftest.c  >&5
configure:3258: $? = 0
configure:3306: result: yes
configure:3309: checking for C compiler default output file name
configure:3311: result: a.out
configure:3317: checking for suffix of executables
configure:3324: gcc -o conftest    conftest.c  >&5
configure:3328: $? = 0
configure:3350: result: 
configure:3372: checking whether we are cross compiling
configure:3380: gcc -o conftest    conftest.c  >&5
configure:3384: $? = 0
configure:3391: ./conftest
configure:3395: $? = 0
configure:3410: result: no
configure:3415: checking for suffix of object files
configure:3437: gcc -c   conftest.c >&5
configure:3441: $? = 0
configure:3462: result: o
configure:3466: checking whether we are using the GNU C compiler
configure:3485: gcc -c   conftest.c >&5
configure:3485: $? = 0
configure:3494: result: yes
configure:3503: checking whether gcc accepts -g
configure:3523: gcc -c -g  conftest.c >&5
configure:3523: $? = 0
configure:3564: result: yes
configure:3581: checking for gcc option to accept ISO C89
configure:3644: gcc  -c -g -O2  conftest.c >&5
configure:3644: $? = 0
configure:3657: result: none needed
configure:3682: checking whether gcc understands -c and -o together
configure:3704: gcc -c conftest.c -o conftest2.o
configure:3707: $? = 0
configure:3704: gcc -c conftest.c -o conftest2.o
configure:3707: $? = 0
configure:3719: result: yes
configure:3738: checking dependency style of gcc
configure:3849: result: gcc3
configure:3865: checking whether gcc and cc understand -c and -o together
configure:3896: gcc -c conftest.c -o conftest2.o >&5
configure:3900: $? = 0
configure:3906: gcc -c conftest.c -o conftest2.o >&5
configure:3910: $? = 0
configure:3921: cc -c conftest.c >&5
configure:3925: $? = 0
configure:3933: cc -c conftest.c -o conftest2.o >&5
configure:3937: $? = 0
configure:3943: cc -c conftest.c -o conftest2.o >&5
configure:3947: $? = 0
configure:3965: result: yes
configure:3979: checking for main in -lm
configure:3998: gcc -o conftest -g -O2   conftest.c -lm   >&5
configure:3998: $? = 0
configure:4007: result: yes
configure:4020: checking for main in -lgslcblas
configure:4039: gcc -o conftest -g -O2   conftest.c -lgslcblas  -lm  >&5
configure:4039: $? = 0
configure:4048: result: yes
configure:4059: checking for main in -lgsl
configure:4078: gcc -o conftest -g -O2   conftest.c -lgsl  -lgslcblas -lm  >&5
configure:4078: $? = 0
configure:4087: result: yes
configure:4105: checking how to run the C preprocessor
configure:4136: gcc -E  conftest.c
configure:4136: $? = 0
configure:4150: gcc -E  conftest.c
conftest.c:14:28: fatal error: ac_nonexistent.h: No such file or directory
 #include <ac_nonexistent.h>
                            ^
compilation terminated.
configure:4150: $? = 1
configure: failed program was:
| /* confdefs.h */
| #define PACKAGE_NAME "armi"
| #define PACKAGE_TARNAME "armi"
| #define PACKAGE_VERSION "1.1.0"
| #define PACKAGE_STRING "armi 1.1.0"
| #define PACKAGE_BUGREPORT "Jens.Kleinjung@crick.ac.uk"
| #define PACKAGE_URL ""
| #define PACKAGE "armi"
| #define VERSION "1.1.0"
| #define HAVE_LIBM 1
| #define HAVE_LIBGSLCBLAS 1
| #define HAVE_LIBGSL 1
| /* end confdefs.h.  */
| #include <ac_nonexistent.h>
configure:4175: result: gcc -E
configure:4195: gcc -E  conftest.c
configure:4195: $? = 0
configure:4209: gcc -E  conftest.c
conftest.c:14:28: fatal error: ac_nonexistent.h: No such file or directory
 #include <ac_nonexistent.h>
                            ^
compilation terminated.
configure:4209: $? = 1
configure: failed program was:
| /* confdefs.h */
| #define PACKAGE_NAME "armi"
| #define PACKAGE_TARNAME "armi"
| #define PACKAGE_VERSION "1.1.0"
| #define PACKAGE_STRING "armi 1.1.0"
| #define PACKAGE_BUGREPORT "Jens.Kleinjung@crick.ac.uk"
| #define PACKAGE_URL ""
| #define PACKAGE "armi"
| #define VERSION "1.1.0"
| #define HAVE_LIBM 1
| #define HAVE_LIBGSLCBLAS 1
| #define HAVE_LIBGSL 1
| /* end confdefs.h.  */
| #include <ac_nonexistent.h>
configure:4238: checking for grep that handles long lines and -e
configure:4296: result: /bin/grep
configure:4301: checking for egrep
configure:4363: result: /bin/grep -E
configure:4368: checking for ANSI C header files
configure:4388: gcc -c -g -O2  conftest.c >&5
configure:4388: $? = 0
configure:4461: gcc -o conftest -g -O2   conftest.c -lgsl -lgslcblas -lm  >&5
configure:4461: $? = 0
configure:4461: ./conftest
configure:4461: $? = 0
configure:4472: result: yes
configure:4485: checking for sys/types.h
configure:4485: gcc -c -g -O2  conftest.c >&5
configure:4485: $? = 0
configure:4485: result: yes
configure:4485: checking for sys/stat.h
configure:4485: gcc -c -g -O2  conftest.c >&5
configure:4485: $? = 0
configure:4485: result: yes
configure:4485: checking for stdlib.h
configure:4485: gcc -c -g -O2  conftest.c >&5
configure:4485: $? = 0
configure:4485: result: yes
configure:4485: checking for string.h
configure:4485: gcc -c -g -O2  conftest.c >&5
configure:4485: $? = 0
configure:4485: result: yes
configure:4485: checking for memory.h
configure:4485: gcc -c -g -O2  conftest.c >&5
configure:4485: $? = 0
configure:4485: result: yes
configure:4485: checking for strings.h
configure:4485: gcc -c -g -O2  conftest.c >&5
configure:4485: $? = 0
configure:4485: result: yes
configure:4485: checking for inttypes.h
configure:4485: gcc -c -g -O2  conftest.c >&5
configure:4485: $? = 0
configure:4485: result: yes
configure:4485: checking for stdint.h
configure:4485: gcc -c -g -O2  conftest.c >&5
configure:4485: $? = 0
configure:4485: result: yes
configure:4485: checking for unistd.h
configure:4485: gcc -c -g -O2  conftest.c >&5
configure:4485: $? = 0
configure:4485: result: yes
configure:4500: checking for stdlib.h
configure:4500: result: yes
configure:4500: checking stdio.h usability
configure:4500: gcc -c -g -O2  conftest.c >&5
configure:4500: $? = 0
configure:4500: result: yes
configure:4500: checking stdio.h presence
configure:4500: gcc -E  conftest.c
configure:4500: $? = 0
configure:4500: result: yes
configure:4500: checking for stdio.h
configure:4500: result: yes
configure:4512: checking for size_t
configure:4512: gcc -c -g -O2  conftest.c >&5
configure:4512: $? = 0
configure:4512: gcc -c -g -O2  conftest.c >&5
conftest.c: In function 'main':
conftest.c:62:21: error: expected expression before ')' token
 if (sizeof ((size_t)))
                     ^
configure:4512: $? = 1
configure: failed program was:
| /* confdefs.h */
| #define PACKAGE_NAME "armi"
| #define PACKAGE_TARNAME "armi"
| #define PACKAGE_VERSION "1.1.0"
| #define PACKAGE_STRING "armi 1.1.0"
| #define PACKAGE_BUGREPORT "Jens.Kleinjung@crick.ac.uk"
| #define PACKAGE_URL ""
| #define PACKAGE "armi"
| #define VERSION "1.1.0"
| #define HAVE_LIBM 1
| #define HAVE_LIBGSLCBLAS 1
| #define HAVE_LIBGSL 1
| #define STDC_HEADERS 1
| #define HAVE_SYS_TYPES_H 1
| #define HAVE_SYS_STAT_H 1
| #define HAVE_STDLIB_H 1
| #define HAVE_STRING_H 1
| #define HAVE_MEMORY_H 1
| #define HAVE_STRINGS_H 1
| #define HAVE_INTTYPES_H 1
| #define HAVE_STDINT_H 1
| #define HAVE_UNISTD_H 1
| #define HAVE_STDLIB_H 1
| #define HAVE_STDIO_H 1
| /* end confdefs.h.  */
| #include <stdio.h>
| #ifdef HAVE_SYS_TYPES_H
| # include <sys/types.h>
| #endif
| #ifdef HAVE_SYS_STAT_H
| # include <sys/stat.h>
| #endif
| #ifdef STDC_HEADERS
| # include <stdlib.h>
| # include <stddef.h>
| #else
| # ifdef HAVE_STDLIB_H
| #  include <stdlib.h>
| # endif
| #endif
| #ifdef HAVE_STRING_H
| # if !defined STDC_HEADERS && defined HAVE_MEMORY_H
| #  include <memory.h>
| # endif
| # include <string.h>
| #endif
| #ifdef HAVE_STRINGS_H
| # include <strings.h>
| #endif
| #ifdef HAVE_INTTYPES_H
| # include <inttypes.h>
| #endif
| #ifdef HAVE_STDINT_H
| # include <stdint.h>
| #endif
| #ifdef HAVE_UNISTD_H
| # include <unistd.h>
| #endif
| int
| main ()
| {
| if (sizeof ((size_t)))
| 	    return 0;
|   ;
|   return 0;
| }
configure:4512: result: yes
configure:4527: checking for stdlib.h
configure:4527: result: yes
configure:4537: checking for GNU libc compatible malloc
configure:4561: gcc -o conftest -g -O2   conftest.c -lgsl -lgslcblas -lm  >&5
configure:4561: $? = 0
configure:4561: ./conftest
configure:4561: $? = 0
configure:4571: result: yes
configure:4594: checking for stdlib.h
configure:4594: result: yes
configure:4604: checking for GNU libc compatible realloc
configure:4628: gcc -o conftest -g -O2   conftest.c -lgsl -lgslcblas -lm  >&5
configure:4628: $? = 0
configure:4628: ./conftest
configure:4628: $? = 0
configure:4638: result: yes
configure:4662: checking for pow
configure:4662: gcc -o conftest -g -O2   conftest.c -lgsl -lgslcblas -lm  >&5
conftest.c:53:6: warning: conflicting types for built-in function 'pow' [enabled by default]
 char pow ();
      ^
configure:4662: $? = 0
configure:4662: result: yes
configure:4662: checking for sqrt
configure:4662: gcc -o conftest -g -O2   conftest.c -lgsl -lgslcblas -lm  >&5
conftest.c:54:6: warning: conflicting types for built-in function 'sqrt' [enabled by default]
 char sqrt ();
      ^
configure:4662: $? = 0
configure:4662: result: yes
configure:5152: checking that generated files are newer than configure
configure:5158: result: done
configure:5181: creating ./config.status

## ---------------------- ##
## Running config.status. ##
## ---------------------- ##

This file was extended by armi config.status 1.1.0, which was
generated by GNU Autoconf 2.69.  Invocation command line was

  CONFIG_FILES    = 
  CONFIG_HEADERS  = 
  CONFIG_LINKS    = 
  CONFIG_COMMANDS = 
  $ ./config.status 

on ac

config.status:867: creating Makefile
config.status:867: creating src/Makefile
config.status:867: creating tests/Makefile
config.status:867: creating src/config.h
config.status:1096: executing depfiles commands

## ---------------- ##
## Cache variables. ##
## ---------------- ##

ac_cv_c_compiler_gnu=yes
ac_cv_env_CC_set=
ac_cv_env_CC_value=
ac_cv_env_CFLAGS_set=
ac_cv_env_CFLAGS_value=
ac_cv_env_CPPFLAGS_set=
ac_cv_env_CPPFLAGS_value=
ac_cv_env_CPP_set=
ac_cv_env_CPP_value=
ac_cv_env_LDFLAGS_set=
ac_cv_env_LDFLAGS_value=
ac_cv_env_LIBS_set=
ac_cv_env_LIBS_value=
ac_cv_env_MPICC_set=
ac_cv_env_MPICC_value=
ac_cv_env_build_alias_set=
ac_cv_env_build_alias_value=
ac_cv_env_host_alias_set=
ac_cv_env_host_alias_value=
ac_cv_env_target_alias_set=
ac_cv_env_target_alias_value=
ac_cv_func_malloc_0_nonnull=yes
ac_cv_func_pow=yes
ac_cv_func_realloc_0_nonnull=yes
ac_cv_func_sqrt=yes
ac_cv_header_inttypes_h=yes
ac_cv_header_memory_h=yes
ac_cv_header_stdc=yes
ac_cv_header_stdint_h=yes
ac_cv_header_stdio_h=yes
ac_cv_header_stdlib_h=yes
ac_cv_header_string_h=yes
ac_cv_header_strings_h=yes
ac_cv_header_sys_stat_h=yes
ac_cv_header_sys_types_h=yes
ac_cv_header_unistd_h=yes
ac_cv_lib_gsl_main=yes
ac_cv_lib_gslcblas_main=yes
ac_cv_lib_m_main=yes
ac_cv_objext=o
ac_cv_path_EGREP='/bin/grep -E'
ac_cv_path_GREP=/bin/grep
ac_cv_path_install='/usr/bin/install -c'
ac_cv_path_mkdir=/bin/mkdir
ac_cv_prog_AWK=mawk
ac_cv_prog_CPP='gcc -E'
ac_cv_prog_ac_ct_CC=gcc
ac_cv_prog_cc_c89=
ac_cv_prog_cc_g=yes
ac_cv_prog_cc_gcc_c_o=yes
ac_cv_prog_make_make_set=yes
ac_cv_type_size_t=yes
am_cv_CC_dependencies_compiler_type=gcc3
am_cv_make_support_nested_variables=yes
am_cv_prog_cc_c_o=yes

## ----------------- ##
## Output variables. ##
## ----------------- ##

ACLOCAL='${SHELL} /home2/jkleinj/arMI/arMI/missing aclocal-1.14'
AMDEPBACKSLASH='\'
AMDEP_FALSE='#'
AMDEP_TRUE=''
AMTAR='$${TAR-tar}'
AM_BACKSLASH='\'
AM_DEFAULT_V='$(AM_DEFAULT_VERBOSITY)'
AM_DEFAULT_VERBOSITY='1'
AM_V='$(V)'
AUTOCONF='${SHELL} /home2/jkleinj/arMI/arMI/missing autoconf'
AUTOHEADER='${SHELL} /home2/jkleinj/arMI/arMI/missing autoheader'
AUTOMAKE='${SHELL} /home2/jkleinj/arMI/arMI/missing automake-1.14'
AWK='mawk'
CC='gcc'
CCDEPMODE='depmode=gcc3'
CFLAGS='-g -O2'
CPP='gcc -E'
CPPFLAGS=''
CYGPATH_W='echo'
DEFS='-DHAVE_CONFIG_H'
DEPDIR='.deps'
ECHO_C=''
ECHO_N='-n'
ECHO_T=''
EGREP='/bin/grep -E'
EXEEXT=''
GREP='/bin/grep'
INSTALL_DATA='${INSTALL} -m 644'
INSTALL_PROGRAM='${INSTALL}'
INSTALL_SCRIPT='${INSTALL}'
INSTALL_STRIP_PROGRAM='$(install_sh) -c -s'
LDFLAGS=''
LIBOBJS=''
LIBS='-lgsl -lgslcblas -lm '
LTLIBOBJS=''
MAKEINFO='${SHELL} /home2/jkleinj/arMI/arMI/missing makeinfo'
MKDIR_P='/bin/mkdir -p'
MPICC=''
MPILIBS=''
OBJEXT='o'
PACKAGE='armi'
PACKAGE_BUGREPORT='Jens.Kleinjung@crick.ac.uk'
PACKAGE_NAME='armi'
PACKAGE_STRING='armi 1.1.0'
PACKAGE_TARNAME='armi'
PACKAGE_URL=''
PACKAGE_VERSION='1.1.0'
PATH_SEPARATOR=':'
SET_MAKE=''
SHELL='/bin/bash'
STRIP=''
VERSION='1.1.0'
ac_ct_CC='gcc'
am__EXEEXT_FALSE=''
am__EXEEXT_TRUE='#'
am__fastdepCC_FALSE='#'
am__fastdepCC_TRUE=''
am__include='include'
am__isrc=''
am__leading_dot='.'
am__nodep='_no'
am__quote=''
am__tar='$${TAR-tar} chof - "$$tardir"'
am__untar='$${TAR-tar} xf -'
bindir='${exec_prefix}/bin'
build_alias=''
datadir='${datarootdir}'
datarootdir='${prefix}/share'
docdir='${datarootdir}/doc/${PACKAGE_TARNAME}'
dvidir='${docdir}'
exec_prefix='${prefix}'
host_alias=''
htmldir='${docdir}'
includedir='${prefix}/include'
infodir='${datarootdir}/info'
install_sh='${SHELL} /home2/jkleinj/arMI/arMI/install-sh'
libdir='${exec_prefix}/lib'
libexecdir='${exec_prefix}/libexec'
localedir='${datarootdir}/locale'
localstatedir='${prefix}/var'
mandir='${datarootdir}/man'
mkdir_p='$(MKDIR_P)'
oldincludedir='/usr/include'
pdfdir='${docdir}'
prefix='/usr/local'
program_transform_name='s,x,x,'
psdir='${docdir}'
sbindir='${exec_prefix}/sbin'
sharedstatedir='${prefix}/com'
sysconfdir='${prefix}/etc'
target_alias=''

## ----------- ##
## confdefs.h. ##
## ----------- ##

/* confdefs.h */
#define PACKAGE_NAME "armi"
#define PACKAGE_TARNAME "armi"
#define PACKAGE_VERSION "1.1.0"
#define PACKAGE_STRING "armi 1.1.0"
#define PACKAGE_BUGREPORT "Jens.Kleinjung@crick.ac.uk"
#define PACKAGE_URL ""
#define PACKAGE "armi"
#define VERSION "1.1.0"
#define HAVE_LIBM 1
#define HAVE_LIBGSLCBLAS 1
#define HAVE_LIBGSL 1
#define STDC_HEADERS 1
#define HAVE_SYS_TYPES_H 1
#define HAVE_SYS_STAT_H 1
#define HAVE_STDLIB_H 1
#define HAVE_STRING_H 1
#define HAVE_MEMORY_H 1
#define HAVE_STRINGS_H 1
#define HAVE_INTTYPES_H 1
#define HAVE_STDINT_H 1
#define HAVE_UNISTD_H 1
#define HAVE_STDLIB_H 1
#define HAVE_STDIO_H 1
#define HAVE_STDLIB_H 1
#define HAVE_MALLOC 1
#define HAVE_STDLIB_H 1
#define HAVE_REALLOC 1
#define HAVE_POW 1
#define HAVE_SQRT 1

configure: exit 0
